<?xml version="1.0" encoding="UTF-8"?>
<!-- Generated by org.testng.reporters.JUnitReportReporter -->
<testsuite skipped="0" hostname="LAPTOP-P82DU6VA" name="selenium.LoginTest" tests="1" failures="0" timestamp="25 Jul 2019 23:46:06 GMT" time="0.087" errors="0">
  <testcase name="confirmHomePage" time="0.087" classname="selenium.LoginTest"/>
</testsuite> <!-- selenium.LoginTest -->
